<?xml version="1.0" encoding="UTF-8"?>
<testsuite xmlns:xsi="http://www.w3.org/2001/XMLSchema-instance" xsi:noNamespaceSchemaLocation="https://maven.apache.org/surefire/maven-surefire-plugin/xsd/surefire-test-report-3.0.xsd" version="3.0" name="com.cgs.study.commons.JsonUtilsTest" time="0.018" tests="2" errors="0" skipped="0" failures="0">
  <properties>
[...]
</properties>
  <testcase name="to_json" classname="com.cgs.study.commons.JsonUtilsTest" time="0.007"/>
  <testcase name="from_json" classname="com.cgs.study.commons.JsonUtilsTest" time="0.0"/>
</testsuite>